[debug] [2023-03-17T16:28:20.610Z] ----------------------------------------------------------------------
[debug] [2023-03-17T16:28:20.616Z] Command:       C:\Program Files\nodejs\node.exe C:\Program Files\nodejs\node_modules\firebase-tools\lib\bin\firebase.js init
[debug] [2023-03-17T16:28:20.617Z] CLI Version:   11.24.1
[debug] [2023-03-17T16:28:20.617Z] Platform:      win32
[debug] [2023-03-17T16:28:20.617Z] Node Version:  v16.10.0
[debug] [2023-03-17T16:28:20.621Z] Time:          Fri Mar 17 2023 21:58:20 GMT+0530 (India Standard Time)
[debug] [2023-03-17T16:28:20.621Z] ----------------------------------------------------------------------
[debug] 
[debug] [2023-03-17T16:28:20.647Z] > command requires scopes: ["email","openid","https://www.googleapis.com/auth/cloudplatformprojects.readonly","https://www.googleapis.com/auth/firebase","https://www.googleapis.com/auth/cloud-platform"]
[debug] [2023-03-17T16:28:20.649Z] > authorizing via signed-in user (sumagayathrikonala9393@gmail.com)
[info] 
     ######## #### ########  ######## ########     ###     ######  ########
     ##        ##  ##     ## ##       ##     ##  ##   ##  ##       ##
     ######    ##  ########  ######   ########  #########  ######  ######
     ##        ##  ##    ##  ##       ##     ## ##     ##       ## ##
     ##       #### ##     ## ######## ########  ##     ##  ######  ########

You're about to initialize a Firebase project in this directory:

  C:\Users\Harsha\mern\React_projects\youtube

[info] 
=== Project Setup
[info] 
[info] First, let's associate this project directory with a Firebase project.
[info] You can create multiple project aliases by running firebase use --add, 
[info] but for now we'll just set up a default project.
[info] 
[debug] [2023-03-17T16:30:09.211Z] >>> [apiv2][query] GET https://firebase.googleapis.com/v1beta1/projects pageSize=100
[debug] [2023-03-17T16:30:11.524Z] <<< [apiv2][status] GET https://firebase.googleapis.com/v1beta1/projects 200
[debug] [2023-03-17T16:30:11.525Z] <<< [apiv2][body] GET https://firebase.googleapis.com/v1beta1/projects [omitted]
[info] i  Using project youtb-clone (Youtube) 
[info] 
=== Hosting Setup
[info] 
[info] Your public directory is the folder (relative to your project directory) that
[info] will contain Hosting assets to be uploaded with firebase deploy. If you
[info] have a build process for your assets, use your build's output directory.
[info] 
[info] +  Wrote build/404.html 
[debug] [2023-03-17T16:31:17.444Z] >>> [apiv2][query] GET https://www.gstatic.com/firebasejs/releases.json [none]
[debug] [2023-03-17T16:31:19.081Z] <<< [apiv2][status] GET https://www.gstatic.com/firebasejs/releases.json 200
[debug] [2023-03-17T16:31:19.082Z] <<< [apiv2][body] GET https://www.gstatic.com/firebasejs/releases.json {"current":{"version":"9.18.0","browserURL":"https://www.gstatic.com/firebasejs/9.18.0/firebase.js","packageURL":"https://www.gstatic.com/firebasejs/9.18.0/firebase.tgz"},"live":{"version":"9.18","browserURL":"https://www.gstatic.com/firebasejs/live/9.18/firebase.js","packageURL":"https://www.gstatic.com/firebasejs/live/9.18/firebase.tgz"},"components":{"analytics":"https://www.gstatic.com/firebasejs/9.18.0/firebase-analytics.js","app":"https://www.gstatic.com/firebasejs/9.18.0/firebase-app.js","app-check":"https://www.gstatic.com/firebasejs/9.18.0/firebase-app-check.js","auth":"https://www.gstatic.com/firebasejs/9.18.0/firebase-auth.js","auth/cordova":"https://www.gstatic.com/firebasejs/9.18.0/firebase-auth/cordova.js","auth/react-native":"https://www.gstatic.com/firebasejs/9.18.0/firebase-auth/react-native.js","functions":"https://www.gstatic.com/firebasejs/9.18.0/firebase-functions.js","firestore":"https://www.gstatic.com/firebasejs/9.18.0/firebase-firestore.js","firestore/lite":"https://www.gstatic.com/firebasejs/9.18.0/firebase-firestore/lite.js","installations":"https://www.gstatic.com/firebasejs/9.18.0/firebase-installations.js","storage":"https://www.gstatic.com/firebasejs/9.18.0/firebase-storage.js","performance":"https://www.gstatic.com/firebasejs/9.18.0/firebase-performance.js","remote-config":"https://www.gstatic.com/firebasejs/9.18.0/firebase-remote-config.js","messaging":"https://www.gstatic.com/firebasejs/9.18.0/firebase-messaging.js","messaging/sw":"https://www.gstatic.com/firebasejs/9.18.0/firebase-messaging/sw.js","database":"https://www.gstatic.com/firebasejs/9.18.0/firebase-database.js","firestore.memory":"https://www.gstatic.com/firebasejs/9.18.0/firebase-firestore.memory.js"}}
[info] +  Wrote build/index.html 
[info] 
[info] i  Detected a .git folder at C:\Users\Harsha\mern\React_projects\youtube 
[info] i  Authorizing with GitHub to upload your service account to a GitHub repository's secrets store. 
[info] 
[info] Visit this URL on this device to log in:
[info] https://github.com/login/oauth/authorize?client_id=89cf50f02ac6aaed3484&state=905451579&redirect_uri=http%3A%2F%2Flocalhost%3A9005&scope=read%3Auser%20repo%20public_repo
[info] 
[info] Waiting for authentication...
[debug] [2023-03-17T16:31:46.386Z] >>> [apiv2][query] POST https://github.com/login/oauth/access_token [none]
[debug] [2023-03-17T16:31:46.387Z] >>> [apiv2][body] POST https://github.com/login/oauth/access_token [stream]
[debug] [2023-03-17T16:31:47.513Z] <<< [apiv2][status] POST https://github.com/login/oauth/access_token 200
[debug] [2023-03-17T16:31:47.513Z] <<< [apiv2][body] POST https://github.com/login/oauth/access_token {"access_token":"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","token_type":"bearer","scope":"read:user,repo"}
[debug] [2023-03-17T16:31:47.576Z] >>> [apiv2][query] GET https://api.github.com/user [none]
[debug] [2023-03-17T16:31:48.924Z] <<< [apiv2][status] GET https://api.github.com/user 200
[debug] [2023-03-17T16:31:48.925Z] <<< [apiv2][body] GET https://api.github.com/user {"login":"SumaGayathri-999","id":104271789,"node_id":"U_kgDOBjcPrQ","avatar_url":"https://avatars.githubusercontent.com/u/104271789?v=4","gravatar_id":"","url":"https://api.github.com/users/SumaGayathri-999","html_url":"https://github.com/SumaGayathri-999","followers_url":"https://api.github.com/users/SumaGayathri-999/followers","following_url":"https://api.github.com/users/SumaGayathri-999/following{/other_user}","gists_url":"https://api.github.com/users/SumaGayathri-999/gists{/gist_id}","starred_url":"https://api.github.com/users/SumaGayathri-999/starred{/owner}{/repo}","subscriptions_url":"https://api.github.com/users/SumaGayathri-999/subscriptions","organizations_url":"https://api.github.com/users/SumaGayathri-999/orgs","repos_url":"https://api.github.com/users/SumaGayathri-999/repos","events_url":"https://api.github.com/users/SumaGayathri-999/events{/privacy}","received_events_url":"https://api.github.com/users/SumaGayathri-999/received_events","type":"User","site_admin":false,"name":"Suma Gayathri","company":null,"blog":"","location":null,"email":null,"hireable":null,"bio":"Full Stack web Developer enthusiast.\r\n\r\nCurrently I am an intern at Edureka.","twitter_username":null,"public_repos":30,"public_gists":0,"followers":2,"following":9,"created_at":"2022-04-23T17:14:24Z","updated_at":"2023-03-17T15:35:48Z","private_gists":0,"total_private_repos":0,"owned_private_repos":0,"disk_usage":92269,"collaborators":0,"two_factor_authentication":false,"plan":{"name":"free","space":976562499,"collaborators":0,"private_repos":10000}}
[info] 
[info] +  Success! Logged into GitHub as SumaGayathri-999 
[info] 
